<?xml version="1.0" encoding="UTF-8"?>
<!-- Generated by org.testng.reporters.JUnitXMLReporter -->
<testsuite hostname="LAPTOP-HEN8AC4S" ignored="2" name="Test1" tests="6" failures="0" timestamp="2022-04-25T23:45:22 IST" time="30.468" errors="0">
  <testcase name="perd" time="9.243" classname="Happy.Testngyr"/>
  <testcase name="testd" time="12.945" classname="Happy.testngd"/>
  <testcase name="testa" time="5.363" classname="Happy.testngrevise"/>
  <testcase name="testb" time="2.728" classname="Happy.testngrevise"/>
  <testcase name="testc" time="0.005" classname="Happy.testngrevise"/>
  <testcase name="testc" time="0.008" classname="Happy.testngrevise"/>
  <testcase name="@AfterTest quit" time="0.0" classname="Happy.testbase">
    <ignored/>
  </testcase> <!-- @AfterTest quit -->
  <testcase name="@BeforeTest beach" time="0.0" classname="Happy.testbase">
    <ignored/>
  </testcase> <!-- @BeforeTest beach -->
</testsuite> <!-- Test1 -->
