<?xml version="1.0" encoding="UTF-8"?>
<!-- Generated by org.testng.reporters.JUnitXMLReporter -->
<testsuite hostname="LAPTOP-HEN8AC4S" ignored="3" tests="0" failures="0" timestamp="2022-04-23T19:03:46 IST" time="0.029" errors="0">
  <testcase name="testa" time="0.0" classname="Happy.testngrevise">
    <ignored/>
  </testcase> <!-- testa -->
  <testcase name="testc" time="0.0" classname="Happy.testngrevise">
    <ignored/>
  </testcase> <!-- testc -->
  <testcase name="testb" time="0.0" classname="Happy.testngrevise">
    <ignored/>
  </testcase> <!-- testb -->
</testsuite>
